# Logfile created on 2014-01-15 17:35:14 -0800 by logger.rb/41954
I, [2014-01-15T17:35:14.808600 #2914]  INFO -- : 0:  rake (0.9.2.2) from /usr/local/opt/rbenv/versions/2.0.0-p353/lib/ruby/gems/2.0.0/specifications/rake-0.9.2.2.gemspec
I, [2014-01-15T17:35:18.683416 #2914]  INFO -- : 0:  RedCloth (4.2.9) from /usr/local/opt/rbenv/versions/2.0.0-p353/lib/ruby/gems/2.0.0/specifications/RedCloth-4.2.9.gemspec
I, [2014-01-15T17:35:20.149975 #2914]  INFO -- : 0:  chunky_png (1.2.5) from /usr/local/opt/rbenv/versions/2.0.0-p353/lib/ruby/gems/2.0.0/specifications/chunky_png-1.2.5.gemspec
I, [2014-01-15T17:35:21.307443 #2914]  INFO -- : 0:  fast-stemmer (1.0.1) from /usr/local/opt/rbenv/versions/2.0.0-p353/lib/ruby/gems/2.0.0/specifications/fast-stemmer-1.0.1.gemspec
I, [2014-01-15T17:35:22.190247 #2914]  INFO -- : 0:  classifier (1.3.3) from /usr/local/opt/rbenv/versions/2.0.0-p353/lib/ruby/gems/2.0.0/specifications/classifier-1.3.3.gemspec
I, [2014-01-15T17:35:22.939584 #2914]  INFO -- : 0:  fssm (0.2.9) from /usr/local/opt/rbenv/versions/2.0.0-p353/lib/ruby/gems/2.0.0/specifications/fssm-0.2.9.gemspec
I, [2014-01-15T17:35:22.943354 #2914]  INFO -- : 0:  sass (3.2.9) from /usr/local/opt/rbenv/versions/2.0.0-p353/lib/ruby/gems/2.0.0/specifications/sass-3.2.9.gemspec
I, [2014-01-15T17:35:27.689744 #2914]  INFO -- : 0:  compass (0.12.2) from /usr/local/opt/rbenv/versions/2.0.0-p353/lib/ruby/gems/2.0.0/specifications/compass-0.12.2.gemspec
I, [2014-01-15T17:35:28.867715 #2914]  INFO -- : 0:  directory_watcher (1.4.1) from /usr/local/opt/rbenv/versions/2.0.0-p353/lib/ruby/gems/2.0.0/specifications/directory_watcher-1.4.1.gemspec
I, [2014-01-15T17:35:30.260529 #2914]  INFO -- : 0:  haml (3.1.7) from /usr/local/opt/rbenv/versions/2.0.0-p353/lib/ruby/gems/2.0.0/specifications/haml-3.1.7.gemspec
I, [2014-01-15T17:35:31.833650 #2914]  INFO -- : 0:  kramdown (0.13.8) from /usr/local/opt/rbenv/versions/2.0.0-p353/lib/ruby/gems/2.0.0/specifications/kramdown-0.13.8.gemspec
I, [2014-01-15T17:35:32.678229 #2914]  INFO -- : 0:  liquid (2.3.0) from /usr/local/opt/rbenv/versions/2.0.0-p353/lib/ruby/gems/2.0.0/specifications/liquid-2.3.0.gemspec
I, [2014-01-15T17:35:33.789566 #2914]  INFO -- : 0:  syntax (1.0.0) from /usr/local/opt/rbenv/versions/2.0.0-p353/lib/ruby/gems/2.0.0/specifications/syntax-1.0.0.gemspec
I, [2014-01-15T17:35:35.257548 #2914]  INFO -- : 0:  maruku (0.6.1) from /usr/local/opt/rbenv/versions/2.0.0-p353/lib/ruby/gems/2.0.0/specifications/maruku-0.6.1.gemspec
I, [2014-01-15T17:35:36.741606 #2914]  INFO -- : 0:  posix-spawn (0.3.6) from /usr/local/opt/rbenv/versions/2.0.0-p353/lib/ruby/gems/2.0.0/specifications/posix-spawn-0.3.6.gemspec
I, [2014-01-15T17:35:36.743911 #2914]  INFO -- : 0:  yajl-ruby (1.1.0) from /usr/local/opt/rbenv/versions/2.0.0-p353/lib/ruby/gems/2.0.0/specifications/yajl-ruby-1.1.0.gemspec
I, [2014-01-15T17:35:39.375296 #2914]  INFO -- : 0:  pygments.rb (0.3.4) from /usr/local/opt/rbenv/versions/2.0.0-p353/lib/ruby/gems/2.0.0/specifications/pygments.rb-0.3.4.gemspec
I, [2014-01-15T17:35:41.068463 #2914]  INFO -- : 0:  jekyll (0.12.0) from /usr/local/opt/rbenv/versions/2.0.0-p353/lib/ruby/gems/2.0.0/specifications/jekyll-0.12.0.gemspec
I, [2014-01-15T17:35:41.078172 #2914]  INFO -- : 0:  rack (1.5.2) from /usr/local/opt/rbenv/versions/2.0.0-p353/lib/ruby/gems/2.0.0/specifications/rack-1.5.2.gemspec
I, [2014-01-15T17:35:41.078585 #2914]  INFO -- : 0:  rack-protection (1.5.0) from /usr/local/opt/rbenv/versions/2.0.0-p353/lib/ruby/gems/2.0.0/specifications/rack-protection-1.5.0.gemspec
I, [2014-01-15T17:35:42.019931 #2914]  INFO -- : 0:  rb-fsevent (0.9.1) from /usr/local/opt/rbenv/versions/2.0.0-p353/lib/ruby/gems/2.0.0/specifications/rb-fsevent-0.9.1.gemspec
I, [2014-01-15T17:35:44.281474 #2914]  INFO -- : 0:  rdiscount (2.0.7.3) from /usr/local/opt/rbenv/versions/2.0.0-p353/lib/ruby/gems/2.0.0/specifications/rdiscount-2.0.7.3.gemspec
I, [2014-01-15T17:35:45.041640 #2914]  INFO -- : 0:  rubypants (0.2.0) from /usr/local/opt/rbenv/versions/2.0.0-p353/lib/ruby/gems/2.0.0/specifications/rubypants-0.2.0.gemspec
I, [2014-01-15T17:35:46.080453 #2914]  INFO -- : 0:  sass-globbing (1.0.0) from /usr/local/opt/rbenv/versions/2.0.0-p353/lib/ruby/gems/2.0.0/specifications/sass-globbing-1.0.0.gemspec
I, [2014-01-15T17:35:46.839936 #2914]  INFO -- : 0:  tilt (1.3.7) from /usr/local/opt/rbenv/versions/2.0.0-p353/lib/ruby/gems/2.0.0/specifications/tilt-1.3.7.gemspec
I, [2014-01-15T17:35:48.709543 #2914]  INFO -- : 0:  sinatra (1.4.2) from /usr/local/opt/rbenv/versions/2.0.0-p353/lib/ruby/gems/2.0.0/specifications/sinatra-1.4.2.gemspec
I, [2014-01-15T17:35:49.960620 #2914]  INFO -- : 0:  stringex (1.4.0) from /usr/local/opt/rbenv/versions/2.0.0-p353/lib/ruby/gems/2.0.0/specifications/stringex-1.4.0.gemspec
I, [2014-01-15T17:35:49.971924 #2914]  INFO -- : 0:  bundler (1.5.1) from /usr/local/opt/rbenv/versions/2.0.0-p353/lib/ruby/gems/2.0.0/specifications/bundler-1.5.1.gemspec
